running egg_info
creating ../../build/camera_realsense/camera_realsense.egg-info
writing ../../build/camera_realsense/camera_realsense.egg-info/PKG-INFO
writing dependency_links to ../../build/camera_realsense/camera_realsense.egg-info/dependency_links.txt
writing entry points to ../../build/camera_realsense/camera_realsense.egg-info/entry_points.txt
writing requirements to ../../build/camera_realsense/camera_realsense.egg-info/requires.txt
writing top-level names to ../../build/camera_realsense/camera_realsense.egg-info/top_level.txt
writing manifest file '../../build/camera_realsense/camera_realsense.egg-info/SOURCES.txt'
reading manifest file '../../build/camera_realsense/camera_realsense.egg-info/SOURCES.txt'
writing manifest file '../../build/camera_realsense/camera_realsense.egg-info/SOURCES.txt'
running build
running build_py
creating /home/rocky/Powersense_RC_Car/build/camera_realsense/build
creating /home/rocky/Powersense_RC_Car/build/camera_realsense/build/lib
creating /home/rocky/Powersense_RC_Car/build/camera_realsense/build/lib/camera_realsense
copying camera_realsense/__init__.py -> /home/rocky/Powersense_RC_Car/build/camera_realsense/build/lib/camera_realsense
copying camera_realsense/camera_interface_node.py -> /home/rocky/Powersense_RC_Car/build/camera_realsense/build/lib/camera_realsense
running install
running install_lib
creating /home/rocky/Powersense_RC_Car/install/camera_realsense/lib/python3.12/site-packages/camera_realsense
copying /home/rocky/Powersense_RC_Car/build/camera_realsense/build/lib/camera_realsense/__init__.py -> /home/rocky/Powersense_RC_Car/install/camera_realsense/lib/python3.12/site-packages/camera_realsense
copying /home/rocky/Powersense_RC_Car/build/camera_realsense/build/lib/camera_realsense/camera_interface_node.py -> /home/rocky/Powersense_RC_Car/install/camera_realsense/lib/python3.12/site-packages/camera_realsense
byte-compiling /home/rocky/Powersense_RC_Car/install/camera_realsense/lib/python3.12/site-packages/camera_realsense/__init__.py to __init__.cpython-312.pyc
byte-compiling /home/rocky/Powersense_RC_Car/install/camera_realsense/lib/python3.12/site-packages/camera_realsense/camera_interface_node.py to camera_interface_node.cpython-312.pyc
running install_data
creating /home/rocky/Powersense_RC_Car/install/camera_realsense/share/ament_index
creating /home/rocky/Powersense_RC_Car/install/camera_realsense/share/ament_index/resource_index
creating /home/rocky/Powersense_RC_Car/install/camera_realsense/share/ament_index/resource_index/packages
copying resource/camera_realsense -> /home/rocky/Powersense_RC_Car/install/camera_realsense/share/ament_index/resource_index/packages
copying package.xml -> /home/rocky/Powersense_RC_Car/install/camera_realsense/share/camera_realsense
running install_egg_info
Copying ../../build/camera_realsense/camera_realsense.egg-info to /home/rocky/Powersense_RC_Car/install/camera_realsense/lib/python3.12/site-packages/camera_realsense-0.0.0-py3.12.egg-info
running install_scripts
Installing camera_interface_node script to /home/rocky/Powersense_RC_Car/install/camera_realsense/lib/camera_realsense
writing list of installed files to '/home/rocky/Powersense_RC_Car/build/camera_realsense/install.log'
